<?xml version="1.0" encoding="windows-1252" standalone="no"?>
<!DOCTYPE log SYSTEM "logger.dtd">
<log>
<record>
  <date>2022-04-19T12:05:10</date>
  <millis>1650350110861</millis>
  <sequence>0</sequence>
  <logger>com.example.LogToFile</logger>
  <level>INFO</level>
  <class>com.example.LogToFile</class>
  <method>main</method>
  <thread>1</thread>
  <message>Try Block Called</message>
</record>
<record>
  <date>2022-04-19T12:05:10</date>
  <millis>1650350110893</millis>
  <sequence>1</sequence>
  <logger>com.example.LogToFile</logger>
  <level>WARNING</level>
  <class>com.example.LogToFile</class>
  <method>main</method>
  <thread>1</thread>
  <message>Hii</message>
</record>
</log>
